<?xml version="1.0" encoding="UTF-8"?>
<!-- Generated by org.testng.reporters.JUnitReportReporter -->
<testsuite hostname="Mypc" name="testNG.UserregTest" tests="1" failures="0" timestamp="28 Jul 2017 16:11:51 GMT" time="10.646" errors="0">
  <testcase name="org_Userreg" time="10.646" classname="testNG.UserregTest"/>
</testsuite> <!-- testNG.UserregTest -->
