<?xml version="1.0" encoding="UTF-8"?>
<!-- Generated by org.testng.reporters.JUnitReportReporter -->
<testsuite hostname="Mypc" name="testNG.EmpregTest" tests="3" failures="0" timestamp="28 Jul 2017 16:21:09 GMT" time="17.216" errors="0">
  <testcase name="org_Empreg" time="5.494" classname="testNG.EmpregTest"/>
  <testcase name="org_Empreg" time="6.480" classname="testNG.EmpregTest"/>
  <testcase name="org_Empreg" time="5.242" classname="testNG.EmpregTest"/>
</testsuite> <!-- testNG.EmpregTest -->
