<?xml version="1.0" encoding="UTF-8"?>
<!-- Generated by org.testng.reporters.JUnitReportReporter -->
<testsuite hostname="Mypc" name="grid.GridEg1" tests="2" failures="0" timestamp="3 Aug 2017 16:20:49 GMT" time="71.022" errors="0">
  <testcase name="grid" time="30.788" classname="grid.GridEg1"/>
  <testcase name="grid" time="40.234" classname="grid.GridEg1"/>
</testsuite> <!-- grid.GridEg1 -->
