<?xml version="1.0" encoding="UTF-8"?>
<!-- Generated by org.testng.reporters.JUnitReportReporter -->
<testsuite hostname="Mypc" name="testNG.BasicAnnotationsEg" tests="3" failures="0" timestamp="27 Jul 2017 16:20:33 GMT" time="0.041" errors="0">
  <testcase name="apple" time="0.016" classname="testNG.BasicAnnotationsEg"/>
  <testcase name="function2" time="0.011" classname="testNG.BasicAnnotationsEg"/>
  <testcase name="function1" time="0.014" classname="testNG.BasicAnnotationsEg"/>
</testsuite> <!-- testNG.BasicAnnotationsEg -->
