<?xml version="1.0" encoding="UTF-8"?>
<!-- Generated by org.testng.reporters.JUnitReportReporter -->
<testsuite hostname="Mypc" name="pom.LoginTC" tests="1" failures="0" timestamp="31 Jul 2017 16:09:38 GMT" time="15.567" errors="0">
  <testcase name="org_Login" time="15.567" classname="pom.LoginTC"/>
</testsuite> <!-- pom.LoginTC -->
